0 info it worked if it ends with ok
1 verbose cli [ 'node', '/usr/local/bin/npm', 'start' ]
2 info using npm@1.4.27
3 info using node@v0.10.29
4 verbose run-script [ 'prestart', 'start', 'poststart' ]
5 info prestart sinesaw@
6 info start sinesaw@
7 verbose unsafe-perm in lifecycle true
8 info sinesaw@ Failed to exec start script
9 error sinesaw@ start: `npm run watch-js`
9 error Exit status 1
10 error Failed at the sinesaw@ start script.
10 error This is most likely a problem with the sinesaw package,
10 error not with npm itself.
10 error Tell the author that this fails on your system:
10 error     npm run watch-js
10 error You can get their info via:
10 error     npm owner ls sinesaw
10 error There is likely additional logging output above.
11 error System Darwin 13.3.0
12 error command "node" "/usr/local/bin/npm" "start"
13 error cwd /Users/charlieschwabacher/Code/sinesaw
14 error node -v v0.10.29
15 error npm -v 1.4.27
16 error code ELIFECYCLE
17 verbose exit [ 1, true ]
